<?xml version="1.0" encoding="UTF-8"?>
<!-- Generated by org.testng.reporters.JUnitReportReporter -->
<testsuite hostname="LAPTOP-NVQRL7R7" failures="0" tests="1" name="com.qa.test.LoginTest" time="0.016" errors="0" timestamp="2022-12-22T16:54:44 GMT-05:00" skipped="0">
  <testcase classname="com.qa.test.LoginTest" name="test1" time="0.016"/>
  <system-out/>
</testsuite> <!-- com.qa.test.LoginTest -->
